<?xml version="1.0" encoding="UTF-8"?>
<coverage generated="1694829700342" clover="3.2.0">
  <project timestamp="1694829700355" name="All files">
    <metrics statements="112" coveredstatements="107" conditionals="26" coveredconditionals="21" methods="45" coveredmethods="41" elements="183" coveredelements="169" complexity="0" loc="112" ncloc="112" packages="3" files="17" classes="17"/>
    <package name="components">
      <metrics statements="72" coveredstatements="70" conditionals="26" coveredconditionals="21" methods="32" coveredmethods="31"/>
      <file name="Body.jsx" path="D:\Divya\Program\rd-react-projects\namaste-react\src\components\Body.jsx">
        <metrics statements="22" coveredstatements="20" conditionals="8" coveredconditionals="6" methods="9" coveredmethods="8"/>
        <line num="10" count="1" type="stmt"/>
        <line num="12" count="7" type="stmt"/>
        <line num="13" count="7" type="stmt"/>
        <line num="14" count="7" type="stmt"/>
        <line num="15" count="7" type="stmt"/>
        <line num="16" count="7" type="stmt"/>
        <line num="19" count="7" type="stmt"/>
        <line num="22" count="7" type="cond" truecount="1" falsecount="1"/>
        <line num="23" count="0" type="stmt"/>
        <line num="25" count="7" type="cond" truecount="2" falsecount="0"/>
        <line num="26" count="2" type="stmt"/>
        <line num="28" count="5" type="stmt"/>
        <line num="37" count="1" type="stmt"/>
        <line num="44" count="1" type="stmt"/>
        <line num="45" count="9" type="stmt"/>
        <line num="48" count="1" type="stmt"/>
        <line num="55" count="9" type="stmt"/>
        <line num="56" count="1" type="stmt"/>
        <line num="57" count="1" type="stmt"/>
        <line num="65" count="0" type="stmt"/>
        <line num="75" count="6" type="stmt"/>
        <line num="80" count="27" type="stmt"/>
      </file>
      <file name="Cart.jsx" path="D:\Divya\Program\rd-react-projects\namaste-react\src\components\Cart.jsx">
        <metrics statements="6" coveredstatements="6" conditionals="4" coveredconditionals="4" methods="3" coveredmethods="3"/>
        <line num="8" count="1" type="stmt"/>
        <line num="9" count="18" type="stmt"/>
        <line num="10" count="9" type="stmt"/>
        <line num="13" count="9" type="stmt"/>
        <line num="15" count="1" type="stmt"/>
        <line num="18" count="9" type="stmt"/>
      </file>
      <file name="Contacts.jsx" path="D:\Divya\Program\rd-react-projects\namaste-react\src\components\Contacts.jsx">
        <metrics statements="2" coveredstatements="2" conditionals="0" coveredconditionals="0" methods="1" coveredmethods="1"/>
        <line num="1" count="1" type="stmt"/>
        <line num="2" count="5" type="stmt"/>
      </file>
      <file name="Header.jsx" path="D:\Divya\Program\rd-react-projects\namaste-react\src\components\Header.jsx">
        <metrics statements="7" coveredstatements="7" conditionals="4" coveredconditionals="2" methods="3" coveredmethods="3"/>
        <line num="9" count="2" type="stmt"/>
        <line num="10" count="17" type="stmt"/>
        <line num="11" count="17" type="stmt"/>
        <line num="14" count="17" type="stmt"/>
        <line num="17" count="32" type="stmt"/>
        <line num="19" count="17" type="stmt"/>
        <line num="44" count="2" type="cond" truecount="1" falsecount="1"/>
      </file>
      <file name="ItemList.jsx" path="D:\Divya\Program\rd-react-projects\namaste-react\src\components\ItemList.jsx">
        <metrics statements="7" coveredstatements="7" conditionals="4" coveredconditionals="3" methods="4" coveredmethods="4"/>
        <line num="6" count="1" type="stmt"/>
        <line num="7" count="12" type="stmt"/>
        <line num="10" count="12" type="stmt"/>
        <line num="11" count="2" type="stmt"/>
        <line num="14" count="12" type="stmt"/>
        <line num="17" count="137" type="stmt"/>
        <line num="39" count="2" type="stmt"/>
      </file>
      <file name="RestaurantCard.jsx" path="D:\Divya\Program\rd-react-projects\namaste-react\src\components\RestaurantCard.jsx">
        <metrics statements="7" coveredstatements="7" conditionals="0" coveredconditionals="0" methods="3" coveredmethods="3"/>
        <line num="6" count="2" type="stmt"/>
        <line num="7" count="35" type="stmt"/>
        <line num="9" count="35" type="stmt"/>
        <line num="11" count="35" type="stmt"/>
        <line num="24" count="2" type="stmt"/>
        <line num="28" count="8" type="stmt"/>
        <line num="30" count="1" type="stmt"/>
      </file>
      <file name="RestaurantCategory.jsx" path="D:\Divya\Program\rd-react-projects\namaste-react\src\components\RestaurantCategory.jsx">
        <metrics statements="5" coveredstatements="5" conditionals="2" coveredconditionals="2" methods="3" coveredmethods="3"/>
        <line num="4" count="1" type="stmt"/>
        <line num="6" count="133" type="stmt"/>
        <line num="8" count="1" type="stmt"/>
        <line num="11" count="133" type="stmt"/>
        <line num="13" count="1" type="stmt"/>
      </file>
      <file name="RestaurantMenu.jsx" path="D:\Divya\Program\rd-react-projects\namaste-react\src\components\RestaurantMenu.jsx">
        <metrics statements="12" coveredstatements="12" conditionals="4" coveredconditionals="4" methods="4" coveredmethods="4"/>
        <line num="7" count="1" type="stmt"/>
        <line num="8" count="13" type="stmt"/>
        <line num="9" count="13" type="stmt"/>
        <line num="12" count="13" type="stmt"/>
        <line num="14" count="13" type="cond" truecount="2" falsecount="0"/>
        <line num="18" count="7" type="stmt"/>
        <line num="21" count="7" type="stmt"/>
        <line num="24" count="7" type="stmt"/>
        <line num="27" count="161" type="stmt"/>
        <line num="29" count="7" type="stmt"/>
        <line num="58" count="133" type="stmt"/>
        <line num="70" count="1" type="stmt"/>
      </file>
      <file name="Shimmer.jsx" path="D:\Divya\Program\rd-react-projects\namaste-react\src\components\Shimmer.jsx">
        <metrics statements="2" coveredstatements="2" conditionals="0" coveredconditionals="0" methods="1" coveredmethods="1"/>
        <line num="3" count="2" type="stmt"/>
        <line num="4" count="8" type="stmt"/>
      </file>
      <file name="sum.js" path="D:\Divya\Program\rd-react-projects\namaste-react\src\components\sum.js">
        <metrics statements="2" coveredstatements="2" conditionals="0" coveredconditionals="0" methods="1" coveredmethods="1"/>
        <line num="1" count="1" type="stmt"/>
        <line num="2" count="1" type="stmt"/>
      </file>
    </package>
    <package name="utils">
      <metrics statements="34" coveredstatements="32" conditionals="0" coveredconditionals="0" methods="10" coveredmethods="8"/>
      <file name="UserContext.js" path="D:\Divya\Program\rd-react-projects\namaste-react\src\utils\UserContext.js">
        <metrics statements="1" coveredstatements="1" conditionals="0" coveredconditionals="0" methods="0" coveredmethods="0"/>
        <line num="3" count="4" type="stmt"/>
      </file>
      <file name="constant.js" path="D:\Divya\Program\rd-react-projects\namaste-react\src\utils\constant.js">
        <metrics statements="3" coveredstatements="3" conditionals="0" coveredconditionals="0" methods="0" coveredmethods="0"/>
        <line num="2" count="4" type="stmt"/>
        <line num="5" count="4" type="stmt"/>
        <line num="8" count="4" type="stmt"/>
      </file>
      <file name="useOnlineStatus.js" path="D:\Divya\Program\rd-react-projects\namaste-react\src\utils\useOnlineStatus.js">
        <metrics statements="8" coveredstatements="6" conditionals="0" coveredconditionals="0" methods="4" coveredmethods="2"/>
        <line num="4" count="3" type="stmt"/>
        <line num="5" count="24" type="stmt"/>
        <line num="8" count="24" type="stmt"/>
        <line num="10" count="14" type="stmt"/>
        <line num="11" count="0" type="stmt"/>
        <line num="15" count="14" type="stmt"/>
        <line num="16" count="0" type="stmt"/>
        <line num="20" count="24" type="stmt"/>
      </file>
      <file name="useRestaurantList.js" path="D:\Divya\Program\rd-react-projects\namaste-react\src\utils\useRestaurantList.js">
        <metrics statements="12" coveredstatements="12" conditionals="0" coveredconditionals="0" methods="3" coveredmethods="3"/>
        <line num="5" count="1" type="stmt"/>
        <line num="6" count="7" type="stmt"/>
        <line num="7" count="7" type="stmt"/>
        <line num="10" count="7" type="stmt"/>
        <line num="11" count="2" type="stmt"/>
        <line num="15" count="7" type="stmt"/>
        <line num="17" count="2" type="stmt"/>
        <line num="18" count="2" type="stmt"/>
        <line num="19" count="2" type="stmt"/>
        <line num="22" count="2" type="stmt"/>
        <line num="25" count="2" type="stmt"/>
        <line num="28" count="7" type="stmt"/>
      </file>
      <file name="useRestaurantMenu.js" path="D:\Divya\Program\rd-react-projects\namaste-react\src\utils\useRestaurantMenu.js">
        <metrics statements="10" coveredstatements="10" conditionals="0" coveredconditionals="0" methods="3" coveredmethods="3"/>
        <line num="5" count="1" type="stmt"/>
        <line num="6" count="13" type="stmt"/>
        <line num="9" count="13" type="stmt"/>
        <line num="10" count="6" type="stmt"/>
        <line num="14" count="13" type="stmt"/>
        <line num="15" count="6" type="stmt"/>
        <line num="16" count="6" type="stmt"/>
        <line num="17" count="6" type="stmt"/>
        <line num="19" count="6" type="stmt"/>
        <line num="22" count="13" type="stmt"/>
      </file>
    </package>
    <package name="utils.redux">
      <metrics statements="6" coveredstatements="5" conditionals="0" coveredconditionals="0" methods="3" coveredmethods="2"/>
      <file name="appStore.js" path="D:\Divya\Program\rd-react-projects\namaste-react\src\utils\redux\appStore.js">
        <metrics statements="1" coveredstatements="1" conditionals="0" coveredconditionals="0" methods="0" coveredmethods="0"/>
        <line num="5" count="2" type="stmt"/>
      </file>
      <file name="cartSlice.js" path="D:\Divya\Program\rd-react-projects\namaste-react\src\utils\redux\cartSlice.js">
        <metrics statements="5" coveredstatements="4" conditionals="0" coveredconditionals="0" methods="3" coveredmethods="2"/>
        <line num="4" count="2" type="stmt"/>
        <line num="12" count="2" type="stmt"/>
        <line num="15" count="0" type="stmt"/>
        <line num="24" count="1" type="stmt"/>
        <line num="30" count="2" type="stmt"/>
      </file>
    </package>
  </project>
</coverage>
