{"D:\\Divya\\Program\\rd-react-projects\\namaste-react\\src\\components\\Body.jsx": {"path":"D:\\Divya\\Program\\rd-react-projects\\namaste-react\\src\\components\\Body.jsx","statementMap":{"0":{"start":{"line":10,"column":13},"end":{"line":93,"column":1}},"1":{"start":{"line":12,"column":58},"end":{"line":12,"column":70}},"2":{"start":{"line":13,"column":52},"end":{"line":13,"column":64}},"3":{"start":{"line":14,"column":25},"end":{"line":14,"column":42}},"4":{"start":{"line":15,"column":30},"end":{"line":15,"column":49}},"5":{"start":{"line":16,"column":35},"end":{"line":16,"column":68}},"6":{"start":{"line":19,"column":40},"end":{"line":19,"column":63}},"7":{"start":{"line":22,"column":4},"end":{"line":23,"column":75}},"8":{"start":{"line":23,"column":8},"end":{"line":23,"column":75}},"9":{"start":{"line":25,"column":4},"end":{"line":26,"column":25}},"10":{"start":{"line":26,"column":8},"end":{"line":26,"column":25}},"11":{"start":{"line":28,"column":4},"end":{"line":92,"column":5}},"12":{"start":{"line":37,"column":20},"end":{"line":37,"column":56}},"13":{"start":{"line":44,"column":47},"end":{"line":46,"column":21}},"14":{"start":{"line":45,"column":24},"end":{"line":45,"column":92}},"15":{"start":{"line":48,"column":20},"end":{"line":48,"column":63}},"16":{"start":{"line":55,"column":41},"end":{"line":55,"column":114}},"17":{"start":{"line":55,"column":83},"end":{"line":55,"column":113}},"18":{"start":{"line":56,"column":20},"end":{"line":56,"column":57}},"19":{"start":{"line":57,"column":20},"end":{"line":57,"column":60}},"20":{"start":{"line":65,"column":20},"end":{"line":65,"column":48}},"21":{"start":{"line":75,"column":20},"end":{"line":75,"column":83}},"22":{"start":{"line":80,"column":20},"end":{"line":87,"column":27}}},"fnMap":{"0":{"name":"(anonymous_0)","decl":{"start":{"line":10,"column":13},"end":{"line":10,"column":14}},"loc":{"start":{"line":10,"column":19},"end":{"line":93,"column":1}},"line":10},"1":{"name":"(anonymous_1)","decl":{"start":{"line":36,"column":26},"end":{"line":36,"column":27}},"loc":{"start":{"line":36,"column":33},"end":{"line":38,"column":17}},"line":36},"2":{"name":"(anonymous_2)","decl":{"start":{"line":42,"column":25},"end":{"line":42,"column":26}},"loc":{"start":{"line":42,"column":31},"end":{"line":49,"column":17}},"line":42},"3":{"name":"(anonymous_3)","decl":{"start":{"line":44,"column":72},"end":{"line":44,"column":73}},"loc":{"start":{"line":45,"column":24},"end":{"line":45,"column":92}},"line":45},"4":{"name":"(anonymous_4)","decl":{"start":{"line":53,"column":97},"end":{"line":53,"column":98}},"loc":{"start":{"line":54,"column":16},"end":{"line":58,"column":17}},"line":54},"5":{"name":"(anonymous_5)","decl":{"start":{"line":55,"column":66},"end":{"line":55,"column":67}},"loc":{"start":{"line":55,"column":83},"end":{"line":55,"column":113}},"line":55},"6":{"name":"(anonymous_6)","decl":{"start":{"line":64,"column":26},"end":{"line":64,"column":27}},"loc":{"start":{"line":64,"column":33},"end":{"line":66,"column":17}},"line":64},"7":{"name":"(anonymous_7)","decl":{"start":{"line":74,"column":40},"end":{"line":74,"column":41}},"loc":{"start":{"line":75,"column":20},"end":{"line":75,"column":83}},"line":75},"8":{"name":"(anonymous_8)","decl":{"start":{"line":79,"column":38},"end":{"line":79,"column":39}},"loc":{"start":{"line":80,"column":20},"end":{"line":87,"column":27}},"line":80}},"branchMap":{"0":{"loc":{"start":{"line":22,"column":4},"end":{"line":23,"column":75}},"type":"if","locations":[{"start":{"line":22,"column":4},"end":{"line":23,"column":75}},{"start":{},"end":{}}],"line":22},"1":{"loc":{"start":{"line":25,"column":4},"end":{"line":26,"column":25}},"type":"if","locations":[{"start":{"line":25,"column":4},"end":{"line":26,"column":25}},{"start":{},"end":{}}],"line":25},"2":{"loc":{"start":{"line":72,"column":16},"end":{"line":88,"column":18}},"type":"cond-expr","locations":[{"start":{"line":74,"column":16},"end":{"line":76,"column":18}},{"start":{"line":79,"column":16},"end":{"line":88,"column":18}}],"line":72},"3":{"loc":{"start":{"line":83,"column":28},"end":{"line":85,"column":91}},"type":"cond-expr","locations":[{"start":{"line":84,"column":28},"end":{"line":84,"column":74}},{"start":{"line":85,"column":28},"end":{"line":85,"column":91}}],"line":83}},"s":{"0":1,"1":7,"2":7,"3":7,"4":7,"5":7,"6":7,"7":7,"8":0,"9":7,"10":2,"11":5,"12":1,"13":1,"14":9,"15":1,"16":1,"17":9,"18":1,"19":1,"20":0,"21":6,"22":27},"f":{"0":7,"1":1,"2":1,"3":9,"4":1,"5":9,"6":0,"7":6,"8":27},"b":{"0":[0,7],"1":[2,5],"2":[2,3],"3":[0,27]},"_coverageSchema":"1a1c01bbd47fc00a2c39e90264f33305004495a9","hash":"9dda06fac0ad1c519d0ebdd32134a370c0eb0dfb"}
,"D:\\Divya\\Program\\rd-react-projects\\namaste-react\\src\\components\\RestaurantCard.jsx": {"path":"D:\\Divya\\Program\\rd-react-projects\\namaste-react\\src\\components\\RestaurantCard.jsx","statementMap":{"0":{"start":{"line":6,"column":23},"end":{"line":21,"column":1}},"1":{"start":{"line":7,"column":22},"end":{"line":7,"column":27}},"2":{"start":{"line":9,"column":27},"end":{"line":9,"column":50}},"3":{"start":{"line":11,"column":4},"end":{"line":20,"column":12}},"4":{"start":{"line":24,"column":33},"end":{"line":37,"column":1}},"5":{"start":{"line":28,"column":4},"end":{"line":36,"column":5}},"6":{"start":{"line":30,"column":8},"end":{"line":35,"column":12}}},"fnMap":{"0":{"name":"(anonymous_0)","decl":{"start":{"line":6,"column":23},"end":{"line":6,"column":24}},"loc":{"start":{"line":6,"column":34},"end":{"line":21,"column":1}},"line":6},"1":{"name":"(anonymous_1)","decl":{"start":{"line":24,"column":33},"end":{"line":24,"column":34}},"loc":{"start":{"line":24,"column":53},"end":{"line":37,"column":1}},"line":24},"2":{"name":"(anonymous_2)","decl":{"start":{"line":28,"column":11},"end":{"line":28,"column":12}},"loc":{"start":{"line":28,"column":22},"end":{"line":36,"column":5}},"line":28}},"branchMap":{},"s":{"0":1,"1":33,"2":33,"3":33,"4":1,"5":7,"6":0},"f":{"0":33,"1":7,"2":0},"b":{},"_coverageSchema":"1a1c01bbd47fc00a2c39e90264f33305004495a9","hash":"3e9f119b5fa7773d053c9675973a0227fd52aacf"}
,"D:\\Divya\\Program\\rd-react-projects\\namaste-react\\src\\components\\Shimmer.jsx": {"path":"D:\\Divya\\Program\\rd-react-projects\\namaste-react\\src\\components\\Shimmer.jsx","statementMap":{"0":{"start":{"line":3,"column":16},"end":{"line":26,"column":1}},"1":{"start":{"line":4,"column":2},"end":{"line":25,"column":3}}},"fnMap":{"0":{"name":"(anonymous_0)","decl":{"start":{"line":3,"column":16},"end":{"line":3,"column":17}},"loc":{"start":{"line":3,"column":22},"end":{"line":26,"column":1}},"line":3}},"branchMap":{},"s":{"0":1,"1":2},"f":{"0":2},"b":{},"_coverageSchema":"1a1c01bbd47fc00a2c39e90264f33305004495a9","hash":"4879dc5e8b3cd1c5295f89dae91227845ffe0994"}
,"D:\\Divya\\Program\\rd-react-projects\\namaste-react\\src\\components\\sum.js": {"path":"D:\\Divya\\Program\\rd-react-projects\\namaste-react\\src\\components\\sum.js","statementMap":{"0":{"start":{"line":1,"column":19},"end":{"line":3,"column":1}},"1":{"start":{"line":2,"column":4},"end":{"line":2,"column":17}}},"fnMap":{"0":{"name":"(anonymous_0)","decl":{"start":{"line":1,"column":19},"end":{"line":1,"column":20}},"loc":{"start":{"line":1,"column":29},"end":{"line":3,"column":1}},"line":1}},"branchMap":{},"s":{"0":1,"1":1},"f":{"0":1},"b":{},"_coverageSchema":"1a1c01bbd47fc00a2c39e90264f33305004495a9","hash":"a283d5740c1681a07d60a480ede87d06e28e8e14"}
,"D:\\Divya\\Program\\rd-react-projects\\namaste-react\\src\\utils\\UserContext.js": {"path":"D:\\Divya\\Program\\rd-react-projects\\namaste-react\\src\\utils\\UserContext.js","statementMap":{"0":{"start":{"line":3,"column":20},"end":{"line":5,"column":2}}},"fnMap":{},"branchMap":{},"s":{"0":1},"f":{},"b":{},"_coverageSchema":"1a1c01bbd47fc00a2c39e90264f33305004495a9","hash":"7c0552e2a5c3ae99846dd6c9c90b688ef3d1e68e"}
,"D:\\Divya\\Program\\rd-react-projects\\namaste-react\\src\\utils\\constant.js": {"path":"D:\\Divya\\Program\\rd-react-projects\\namaste-react\\src\\utils\\constant.js","statementMap":{"0":{"start":{"line":2,"column":23},"end":{"line":2,"column":114}},"1":{"start":{"line":5,"column":30},"end":{"line":5,"column":168}},"2":{"start":{"line":8,"column":35},"end":{"line":8,"column":207}}},"fnMap":{},"branchMap":{},"s":{"0":1,"1":1,"2":1},"f":{},"b":{},"_coverageSchema":"1a1c01bbd47fc00a2c39e90264f33305004495a9","hash":"20d0b5d5684c3f29b23df0c4295f86162f883b67"}
,"D:\\Divya\\Program\\rd-react-projects\\namaste-react\\src\\utils\\useOnlineStatus.js": {"path":"D:\\Divya\\Program\\rd-react-projects\\namaste-react\\src\\utils\\useOnlineStatus.js","statementMap":{"0":{"start":{"line":4,"column":24},"end":{"line":21,"column":1}},"1":{"start":{"line":5,"column":44},"end":{"line":5,"column":58}},"2":{"start":{"line":8,"column":4},"end":{"line":18,"column":11}},"3":{"start":{"line":10,"column":8},"end":{"line":12,"column":10}},"4":{"start":{"line":11,"column":12},"end":{"line":11,"column":35}},"5":{"start":{"line":15,"column":8},"end":{"line":17,"column":10}},"6":{"start":{"line":16,"column":12},"end":{"line":16,"column":34}},"7":{"start":{"line":20,"column":4},"end":{"line":20,"column":24}}},"fnMap":{"0":{"name":"(anonymous_0)","decl":{"start":{"line":4,"column":24},"end":{"line":4,"column":25}},"loc":{"start":{"line":4,"column":30},"end":{"line":21,"column":1}},"line":4},"1":{"name":"(anonymous_1)","decl":{"start":{"line":8,"column":14},"end":{"line":8,"column":15}},"loc":{"start":{"line":8,"column":20},"end":{"line":18,"column":5}},"line":8},"2":{"name":"(anonymous_2)","decl":{"start":{"line":10,"column":43},"end":{"line":10,"column":44}},"loc":{"start":{"line":10,"column":49},"end":{"line":12,"column":9}},"line":10},"3":{"name":"(anonymous_3)","decl":{"start":{"line":15,"column":42},"end":{"line":15,"column":43}},"loc":{"start":{"line":15,"column":48},"end":{"line":17,"column":9}},"line":15}},"branchMap":{},"s":{"0":1,"1":7,"2":7,"3":2,"4":0,"5":2,"6":0,"7":7},"f":{"0":7,"1":2,"2":0,"3":0},"b":{},"_coverageSchema":"1a1c01bbd47fc00a2c39e90264f33305004495a9","hash":"13422e0290e6e77c731710d81ab1a0a5ecbb0dcd"}
,"D:\\Divya\\Program\\rd-react-projects\\namaste-react\\src\\utils\\useRestaurantList.js": {"path":"D:\\Divya\\Program\\rd-react-projects\\namaste-react\\src\\utils\\useRestaurantList.js","statementMap":{"0":{"start":{"line":5,"column":26},"end":{"line":29,"column":1}},"1":{"start":{"line":6,"column":54},"end":{"line":6,"column":66}},"2":{"start":{"line":7,"column":58},"end":{"line":7,"column":70}},"3":{"start":{"line":10,"column":4},"end":{"line":12,"column":11}},"4":{"start":{"line":11,"column":8},"end":{"line":11,"column":25}},"5":{"start":{"line":15,"column":27},"end":{"line":26,"column":5}},"6":{"start":{"line":17,"column":31},"end":{"line":17,"column":58}},"7":{"start":{"line":18,"column":28},"end":{"line":18,"column":55}},"8":{"start":{"line":19,"column":8},"end":{"line":19,"column":33}},"9":{"start":{"line":22,"column":8},"end":{"line":22,"column":112}},"10":{"start":{"line":25,"column":8},"end":{"line":25,"column":114}},"11":{"start":{"line":28,"column":4},"end":{"line":28,"column":29}}},"fnMap":{"0":{"name":"(anonymous_0)","decl":{"start":{"line":5,"column":26},"end":{"line":5,"column":27}},"loc":{"start":{"line":5,"column":32},"end":{"line":29,"column":1}},"line":5},"1":{"name":"(anonymous_1)","decl":{"start":{"line":10,"column":14},"end":{"line":10,"column":15}},"loc":{"start":{"line":10,"column":20},"end":{"line":12,"column":5}},"line":10},"2":{"name":"(anonymous_2)","decl":{"start":{"line":15,"column":27},"end":{"line":15,"column":28}},"loc":{"start":{"line":15,"column":39},"end":{"line":26,"column":5}},"line":15}},"branchMap":{},"s":{"0":1,"1":7,"2":7,"3":7,"4":2,"5":7,"6":2,"7":2,"8":2,"9":2,"10":2,"11":7},"f":{"0":7,"1":2,"2":2},"b":{},"_coverageSchema":"1a1c01bbd47fc00a2c39e90264f33305004495a9","hash":"875982a5e7f2dbe7439a1515dfa8c5f188b4e90f"}
}
