{"D:\\Divya\\Program\\rd-react-projects\\namaste-react\\src\\components\\Contacts.jsx": {"path":"D:\\Divya\\Program\\rd-react-projects\\namaste-react\\src\\components\\Contacts.jsx","statementMap":{"0":{"start":{"line":1,"column":17},"end":{"line":17,"column":1}},"1":{"start":{"line":2,"column":4},"end":{"line":16,"column":5}}},"fnMap":{"0":{"name":"(anonymous_0)","decl":{"start":{"line":1,"column":17},"end":{"line":1,"column":18}},"loc":{"start":{"line":1,"column":23},"end":{"line":17,"column":1}},"line":1}},"branchMap":{},"s":{"0":1,"1":5},"f":{"0":5},"b":{},"_coverageSchema":"1a1c01bbd47fc00a2c39e90264f33305004495a9","hash":"6442f5642157eca1a715f283fcc43c270db9f4dd"}
,"D:\\Divya\\Program\\rd-react-projects\\namaste-react\\src\\components\\sum.js": {"path":"D:\\Divya\\Program\\rd-react-projects\\namaste-react\\src\\components\\sum.js","statementMap":{"0":{"start":{"line":1,"column":19},"end":{"line":3,"column":1}},"1":{"start":{"line":2,"column":4},"end":{"line":2,"column":17}}},"fnMap":{"0":{"name":"(anonymous_0)","decl":{"start":{"line":1,"column":19},"end":{"line":1,"column":20}},"loc":{"start":{"line":1,"column":29},"end":{"line":3,"column":1}},"line":1}},"branchMap":{},"s":{"0":1,"1":1},"f":{"0":1},"b":{},"_coverageSchema":"1a1c01bbd47fc00a2c39e90264f33305004495a9","hash":"a283d5740c1681a07d60a480ede87d06e28e8e14"}
}
