TN:
SF:src\components\Body.jsx
FN:10,(anonymous_0)
FN:42,(anonymous_1)
FN:48,(anonymous_2)
FN:50,(anonymous_3)
FN:59,(anonymous_4)
FN:61,(anonymous_5)
FN:70,(anonymous_6)
FN:80,(anonymous_7)
FN:85,(anonymous_8)
FNF:9
FNH:5
FNDA:3,(anonymous_0)
FNDA:0,(anonymous_1)
FNDA:0,(anonymous_2)
FNDA:0,(anonymous_3)
FNDA:1,(anonymous_4)
FNDA:9,(anonymous_5)
FNDA:0,(anonymous_6)
FNDA:9,(anonymous_7)
FNDA:9,(anonymous_8)
DA:10,1
DA:12,3
DA:13,3
DA:14,3
DA:15,3
DA:16,3
DA:19,3
DA:22,3
DA:23,0
DA:25,3
DA:26,1
DA:28,2
DA:43,0
DA:50,0
DA:51,0
DA:54,0
DA:61,9
DA:62,1
DA:63,1
DA:71,0
DA:81,9
DA:86,9
LF:22
LH:16
BRDA:22,0,0,0
BRDA:22,0,1,3
BRDA:25,1,0,1
BRDA:25,1,1,2
BRDA:78,2,0,1
BRDA:78,2,1,1
BRDA:89,3,0,0
BRDA:89,3,1,9
BRF:8
BRH:6
end_of_record
TN:
SF:src\components\RestaurantCard.jsx
FN:6,(anonymous_0)
FN:24,(anonymous_1)
FN:28,(anonymous_2)
FNF:3
FNH:2
FNDA:18,(anonymous_0)
FNDA:3,(anonymous_1)
FNDA:0,(anonymous_2)
DA:6,1
DA:7,18
DA:9,18
DA:11,18
DA:24,1
DA:28,3
DA:30,0
LF:7
LH:6
BRF:0
BRH:0
end_of_record
TN:
SF:src\components\Shimmer.jsx
FN:3,(anonymous_0)
FNF:1
FNH:1
FNDA:1,(anonymous_0)
DA:3,1
DA:4,1
LF:2
LH:2
BRF:0
BRH:0
end_of_record
TN:
SF:src\components\sum.js
FN:1,(anonymous_0)
FNF:1
FNH:1
FNDA:1,(anonymous_0)
DA:1,1
DA:2,1
LF:2
LH:2
BRF:0
BRH:0
end_of_record
TN:
SF:src\utils\UserContext.js
FNF:0
FNH:0
DA:3,1
LF:1
LH:1
BRF:0
BRH:0
end_of_record
TN:
SF:src\utils\constant.js
FNF:0
FNH:0
DA:2,1
DA:5,1
DA:8,1
LF:3
LH:3
BRF:0
BRH:0
end_of_record
TN:
SF:src\utils\useOnlineStatus.js
FN:4,(anonymous_0)
FN:8,(anonymous_1)
FN:10,(anonymous_2)
FN:15,(anonymous_3)
FNF:4
FNH:2
FNDA:3,(anonymous_0)
FNDA:1,(anonymous_1)
FNDA:0,(anonymous_2)
FNDA:0,(anonymous_3)
DA:4,1
DA:5,3
DA:8,3
DA:10,1
DA:11,0
DA:15,1
DA:16,0
DA:20,3
LF:8
LH:6
BRF:0
BRH:0
end_of_record
TN:
SF:src\utils\useRestaurantList.js
FN:5,(anonymous_0)
FN:10,(anonymous_1)
FN:15,(anonymous_2)
FNF:3
FNH:3
FNDA:3,(anonymous_0)
FNDA:1,(anonymous_1)
FNDA:1,(anonymous_2)
DA:5,1
DA:6,3
DA:7,3
DA:10,3
DA:11,1
DA:15,3
DA:17,1
DA:18,1
DA:21,1
DA:24,1
DA:27,3
LF:11
LH:11
BRF:0
BRH:0
end_of_record
