TN:
SF:src\components\Body.jsx
FN:10,(anonymous_0)
FN:36,(anonymous_1)
FN:42,(anonymous_2)
FN:44,(anonymous_3)
FN:53,(anonymous_4)
FN:55,(anonymous_5)
FN:64,(anonymous_6)
FN:74,(anonymous_7)
FN:79,(anonymous_8)
FNF:9
FNH:8
FNDA:7,(anonymous_0)
FNDA:1,(anonymous_1)
FNDA:1,(anonymous_2)
FNDA:9,(anonymous_3)
FNDA:1,(anonymous_4)
FNDA:9,(anonymous_5)
FNDA:0,(anonymous_6)
FNDA:6,(anonymous_7)
FNDA:27,(anonymous_8)
DA:10,1
DA:12,7
DA:13,7
DA:14,7
DA:15,7
DA:16,7
DA:19,7
DA:22,7
DA:23,0
DA:25,7
DA:26,2
DA:28,5
DA:37,1
DA:44,1
DA:45,9
DA:48,1
DA:55,9
DA:56,1
DA:57,1
DA:65,0
DA:75,6
DA:80,27
LF:22
LH:20
BRDA:22,0,0,0
BRDA:22,0,1,7
BRDA:25,1,0,2
BRDA:25,1,1,5
BRDA:72,2,0,2
BRDA:72,2,1,3
BRDA:83,3,0,0
BRDA:83,3,1,27
BRF:8
BRH:6
end_of_record
TN:
SF:src\components\Cart.jsx
FN:8,(anonymous_0)
FN:9,(anonymous_1)
FN:13,(anonymous_2)
FNF:3
FNH:2
FNDA:2,(anonymous_0)
FNDA:4,(anonymous_1)
FNDA:0,(anonymous_2)
DA:8,1
DA:9,4
DA:10,2
DA:13,2
DA:15,0
DA:18,2
LF:6
LH:5
BRDA:22,0,0,2
BRDA:22,0,1,0
BRDA:33,1,0,0
BRDA:33,1,1,2
BRF:4
BRH:2
end_of_record
TN:
SF:src\components\Contacts.jsx
FN:1,(anonymous_0)
FNF:1
FNH:1
FNDA:5,(anonymous_0)
DA:1,1
DA:2,5
LF:2
LH:2
BRF:0
BRH:0
end_of_record
TN:
SF:src\components\Header.jsx
FN:9,(anonymous_0)
FN:17,(anonymous_1)
FN:44,(anonymous_2)
FNF:3
FNH:3
FNDA:7,(anonymous_0)
FNDA:13,(anonymous_1)
FNDA:1,(anonymous_2)
DA:9,2
DA:10,7
DA:11,7
DA:14,7
DA:17,13
DA:19,7
DA:44,1
LF:7
LH:7
BRDA:27,0,0,7
BRDA:27,0,1,0
BRDA:44,1,0,1
BRDA:44,1,1,0
BRF:4
BRH:2
end_of_record
TN:
SF:src\components\ItemList.jsx
FN:6,(anonymous_0)
FN:10,(anonymous_1)
FN:16,(anonymous_2)
FN:39,(anonymous_3)
FNF:4
FNH:2
FNDA:3,(anonymous_0)
FNDA:0,(anonymous_1)
FNDA:49,(anonymous_2)
FNDA:0,(anonymous_3)
DA:6,1
DA:7,3
DA:10,3
DA:11,0
DA:14,3
DA:17,49
DA:39,0
LF:7
LH:5
BRDA:28,0,0,49
BRDA:28,0,1,0
BRDA:57,1,0,49
BRDA:57,1,1,49
BRF:4
BRH:3
end_of_record
TN:
SF:src\components\RestaurantCard.jsx
FN:6,(anonymous_0)
FN:24,(anonymous_1)
FN:28,(anonymous_2)
FNF:3
FNH:3
FNDA:35,(anonymous_0)
FNDA:8,(anonymous_1)
FNDA:1,(anonymous_2)
DA:6,2
DA:7,35
DA:9,35
DA:11,35
DA:24,2
DA:28,8
DA:30,1
LF:7
LH:7
BRF:0
BRH:0
end_of_record
TN:
SF:src\components\RestaurantCategory.jsx
FN:4,(anonymous_0)
FN:6,(anonymous_1)
FN:13,(anonymous_2)
FNF:3
FNH:3
FNDA:57,(anonymous_0)
FNDA:1,(anonymous_1)
FNDA:1,(anonymous_2)
DA:4,1
DA:6,57
DA:8,1
DA:11,57
DA:13,1
LF:5
LH:5
BRDA:22,0,0,57
BRDA:22,0,1,3
BRF:2
BRH:2
end_of_record
TN:
SF:src\components\RestaurantMenu.jsx
FN:7,(anonymous_0)
FN:27,(anonymous_1)
FN:50,(anonymous_2)
FN:70,(anonymous_3)
FNF:4
FNH:4
FNDA:5,(anonymous_0)
FNDA:69,(anonymous_1)
FNDA:57,(anonymous_2)
FNDA:1,(anonymous_3)
DA:7,1
DA:8,5
DA:9,5
DA:12,5
DA:14,5
DA:18,3
DA:21,3
DA:24,3
DA:27,69
DA:29,3
DA:58,57
DA:70,1
LF:12
LH:12
BRDA:14,0,0,2
BRDA:14,0,1,3
BRDA:63,1,0,3
BRDA:63,1,1,54
BRF:4
BRH:4
end_of_record
TN:
SF:src\components\Shimmer.jsx
FN:3,(anonymous_0)
FNF:1
FNH:1
FNDA:4,(anonymous_0)
DA:3,2
DA:4,4
LF:2
LH:2
BRF:0
BRH:0
end_of_record
TN:
SF:src\components\sum.js
FN:1,(anonymous_0)
FNF:1
FNH:1
FNDA:1,(anonymous_0)
DA:1,1
DA:2,1
LF:2
LH:2
BRF:0
BRH:0
end_of_record
TN:
SF:src\utils\UserContext.js
FNF:0
FNH:0
DA:3,4
LF:1
LH:1
BRF:0
BRH:0
end_of_record
TN:
SF:src\utils\constant.js
FNF:0
FNH:0
DA:2,4
DA:5,4
DA:8,4
LF:3
LH:3
BRF:0
BRH:0
end_of_record
TN:
SF:src\utils\useOnlineStatus.js
FN:4,(anonymous_0)
FN:8,(anonymous_1)
FN:10,(anonymous_2)
FN:15,(anonymous_3)
FNF:4
FNH:2
FNDA:14,(anonymous_0)
FNDA:8,(anonymous_1)
FNDA:0,(anonymous_2)
FNDA:0,(anonymous_3)
DA:4,3
DA:5,14
DA:8,14
DA:10,8
DA:11,0
DA:15,8
DA:16,0
DA:20,14
LF:8
LH:6
BRF:0
BRH:0
end_of_record
TN:
SF:src\utils\useRestaurantList.js
FN:5,(anonymous_0)
FN:10,(anonymous_1)
FN:15,(anonymous_2)
FNF:3
FNH:3
FNDA:7,(anonymous_0)
FNDA:2,(anonymous_1)
FNDA:2,(anonymous_2)
DA:5,1
DA:6,7
DA:7,7
DA:10,7
DA:11,2
DA:15,7
DA:17,2
DA:18,2
DA:19,2
DA:22,2
DA:25,2
DA:28,7
LF:12
LH:12
BRF:0
BRH:0
end_of_record
TN:
SF:src\utils\useRestaurantMenu.js
FN:5,(anonymous_0)
FN:9,(anonymous_1)
FN:14,(anonymous_2)
FNF:3
FNH:3
FNDA:5,(anonymous_0)
FNDA:2,(anonymous_1)
FNDA:2,(anonymous_2)
DA:5,1
DA:6,5
DA:9,5
DA:10,2
DA:14,5
DA:15,2
DA:16,2
DA:17,2
DA:19,2
DA:22,5
LF:10
LH:10
BRF:0
BRH:0
end_of_record
TN:
SF:src\utils\redux\appStore.js
FNF:0
FNH:0
DA:5,2
LF:1
LH:1
BRF:0
BRH:0
end_of_record
TN:
SF:src\utils\redux\cartSlice.js
FN:10,(anonymous_0)
FN:14,(anonymous_1)
FN:17,(anonymous_2)
FNF:3
FNH:0
FNDA:0,(anonymous_0)
FNDA:0,(anonymous_1)
FNDA:0,(anonymous_2)
DA:4,2
DA:12,0
DA:15,0
DA:24,0
DA:30,2
LF:5
LH:2
BRF:0
BRH:0
end_of_record
